[debug] [2022-05-29T15:46:48.954Z] ----------------------------------------------------------------------
[debug] [2022-05-29T15:46:48.957Z] Command:       C:\Program Files\nodejs\node.exe C:\Users\Naim\AppData\Roaming\npm\node_modules\firebase-tools\lib\bin\firebase.js deploy
[debug] [2022-05-29T15:46:48.958Z] CLI Version:   10.6.0
[debug] [2022-05-29T15:46:48.958Z] Platform:      win32
[debug] [2022-05-29T15:46:48.958Z] Node Version:  v16.13.1
[debug] [2022-05-29T15:46:48.962Z] Time:          Sun May 29 2022 21:46:48 GMT+0600 (Bangladesh Standard Time)
[debug] [2022-05-29T15:46:48.963Z] ----------------------------------------------------------------------
[debug] 
[debug] [2022-05-29T15:46:49.047Z] > command requires scopes: ["email","openid","https://www.googleapis.com/auth/cloudplatformprojects.readonly","https://www.googleapis.com/auth/firebase","https://www.googleapis.com/auth/cloud-platform"]
[debug] [2022-05-29T15:46:49.047Z] > authorizing via signed-in user (shafiul.naim@gmail.com)
[debug] [2022-05-29T15:46:49.047Z] [iam] checking project assignment-12-client-d5b00 for permissions ["firebase.projects.get","firebasehosting.sites.update"]
[debug] [2022-05-29T15:46:49.050Z] >>> [apiv2][query] POST https://cloudresourcemanager.googleapis.com/v1/projects/assignment-12-client-d5b00:testIamPermissions [none]
[debug] [2022-05-29T15:46:49.051Z] >>> [apiv2][body] POST https://cloudresourcemanager.googleapis.com/v1/projects/assignment-12-client-d5b00:testIamPermissions {"permissions":["firebase.projects.get","firebasehosting.sites.update"]}
[debug] [2022-05-29T15:46:50.667Z] <<< [apiv2][status] POST https://cloudresourcemanager.googleapis.com/v1/projects/assignment-12-client-d5b00:testIamPermissions 200
[debug] [2022-05-29T15:46:50.667Z] <<< [apiv2][body] POST https://cloudresourcemanager.googleapis.com/v1/projects/assignment-12-client-d5b00:testIamPermissions {"permissions":["firebase.projects.get","firebasehosting.sites.update"]}
[debug] [2022-05-29T15:46:50.670Z] >>> [apiv2][query] GET https://firebase.googleapis.com/v1beta1/projects/assignment-12-client-d5b00 [none]
[debug] [2022-05-29T15:46:51.445Z] <<< [apiv2][status] GET https://firebase.googleapis.com/v1beta1/projects/assignment-12-client-d5b00 200
[debug] [2022-05-29T15:46:51.445Z] <<< [apiv2][body] GET https://firebase.googleapis.com/v1beta1/projects/assignment-12-client-d5b00 {"projectId":"assignment-12-client-d5b00","projectNumber":"561255429983","displayName":"assignment-12-client","name":"projects/assignment-12-client-d5b00","resources":{"hostingSite":"assignment-12-client-d5b00"},"state":"ACTIVE"}
[info] 
[info] === Deploying to 'assignment-12-client-d5b00'...
[info] 
[info] i  deploying hosting 
[debug] [2022-05-29T15:46:51.449Z] >>> [apiv2][query] GET https://firebase.googleapis.com/v1beta1/projects/assignment-12-client-d5b00 [none]
[debug] [2022-05-29T15:46:52.144Z] <<< [apiv2][status] GET https://firebase.googleapis.com/v1beta1/projects/assignment-12-client-d5b00 200
[debug] [2022-05-29T15:46:52.145Z] <<< [apiv2][body] GET https://firebase.googleapis.com/v1beta1/projects/assignment-12-client-d5b00 {"projectId":"assignment-12-client-d5b00","projectNumber":"561255429983","displayName":"assignment-12-client","name":"projects/assignment-12-client-d5b00","resources":{"hostingSite":"assignment-12-client-d5b00"},"state":"ACTIVE"}
[debug] [2022-05-29T15:46:52.147Z] >>> [apiv2][query] POST https://firebasehosting.googleapis.com/v1beta1/projects/561255429983/sites/assignment-12-client-d5b00/versions [none]
[debug] [2022-05-29T15:46:52.148Z] >>> [apiv2][body] POST https://firebasehosting.googleapis.com/v1beta1/projects/561255429983/sites/assignment-12-client-d5b00/versions {"config":{"rewrites":[{"glob":"**","path":"/index.html"}]},"labels":{"deployment-tool":"cli-firebase"}}
[debug] [2022-05-29T15:46:54.628Z] <<< [apiv2][status] POST https://firebasehosting.googleapis.com/v1beta1/projects/561255429983/sites/assignment-12-client-d5b00/versions 200
[debug] [2022-05-29T15:46:54.629Z] <<< [apiv2][body] POST https://firebasehosting.googleapis.com/v1beta1/projects/561255429983/sites/assignment-12-client-d5b00/versions {"name":"projects/561255429983/sites/assignment-12-client-d5b00/versions/17e20378ed3e059a","status":"CREATED","config":{"rewrites":[{"glob":"**","path":"/index.html"}]},"labels":{"deployment-tool":"cli-firebase"}}
[info] i  hosting[assignment-12-client-d5b00]: beginning deploy... 
[info] i  hosting[assignment-12-client-d5b00]: found 24 files in build 
[debug] [2022-05-29T15:46:54.645Z] [hosting] uploading with 200 concurrency
[debug] [2022-05-29T15:46:55.111Z] [hosting] hash cache [YnVpbGQ] stored for 24 files
[debug] [2022-05-29T15:46:55.112Z] [hosting][hash queue][FINAL] {"max":456,"min":6,"avg":55.708333333333336,"active":0,"complete":24,"success":24,"errored":0,"retried":0,"total":24,"elapsed":465}
[debug] [2022-05-29T15:46:55.113Z] >>> [apiv2][query] POST https://firebasehosting.googleapis.com/v1beta1/projects/561255429983/sites/assignment-12-client-d5b00/versions/17e20378ed3e059a:populateFiles [none]
[debug] [2022-05-29T15:46:55.113Z] >>> [apiv2][body] POST https://firebasehosting.googleapis.com/v1beta1/projects/561255429983/sites/assignment-12-client-d5b00/versions/17e20378ed3e059a:populateFiles {"files":{"/favicon.ico":"eae62e993eb980ec8a25058c39d5a51feab118bd2100c4deebb2a9c158ec11f9","/logo192.png":"3ee59515172ee198f3be375979df15ac5345183e656720a381b8872b2a39dc8b","/logo512.png":"ee7e2f3fdb8209c4b6fd7bef6ba50d1b9dba30a25bb5c3126df057e1cb6f5331","/manifest.json":"aff3449bdc238776f5d6d967f19ec491b36aed5fb7f23ccff6500736fd58494a","/robots.txt":"bfe106a3fb878dc83461c86818bf74fc1bdc7f28538ba613cd3e775516ce8b49","/Tools.json":"fd978a348479583c192989ab53aa5b4544435313d8023b4d6fb52c0d71f9629d","/asset-manifest.json":"9d5997a48a085ea6708b7a86ddf5d3c89da72a0672c36b6c7fef813bd3a36141","/index.html":"cbf9805d764b12bd115d86aa0bad6fc37230753ca93cfc22b86eefc760114b21","/static/js/787.4161da46.chunk.js":"690c61fda1d4980a8b0d8bf0e211e26ad053c8204a645735b38d0ef73083e4e1","/static/js/787.4161da46.chunk.js.map":"08c671ab610e023713920a874ac59fe15112a6d802000fa2500a58d4304fcbc5","/static/js/main.f439835b.js.LICENSE.txt":"9fc11873fb68a0e19709423431ebb205aac248d12e73c6085f3a48b78ca87394","/static/media/404.c8a532249ebee76c8cea.png":"86b8f9585fd80c392f2032d4e3cf5466fc270d1d68f8b7abbf9c858c325fb6fe","/static/css/main.6828d361.css.map":"41f94a17c202e8271cc686e0e7b15226bfd64282e4be77cb1d450b7ab278b360","/static/media/blogging.ffbd0b74739de61c05f8.png":"84b92c54abec72015d20d1f0362f71f6e96ce9cf66a77a94a49a04364f792adc","/static/media/cable cutters.bbb9f5b63fba9051c258.jpg":"f87ad4474b24096dfe546cb93134b1b161821cb518038b1a3460092cff0f752c","/static/media/hacksaws.a751339adece840cf709.jpg":"acbeeb2549ce7494424cdeb8cf6dc10d53de94d623e8debb41b79a85b4eb495e","/static/css/main.6828d361.css":"c2a969a8b8db8a2d300e1fba6fd85880c255960fce9f3f873c2dae1f58863981","/static/media/coding.f9558c1aa5813acf2942.png":"b18d94203477d7d26ead4e0c2b83de63fa83a310630706273b10e33d65f07611","/static/media/skills.bd940da82fac74f649cb.png":"165d257857604bca42322aa65e777c51b571b8e7ac9eb32dcd0b2f521158ff30","/static/js/main.f439835b.js":"d527541d065366cd4de6e61eb30361addb390ca4d4c5f8993b1607d1e98ce9d0","/static/media/banner.f4b5c9a721bcdfdb4bae.jpg":"cfc26653218d94fe2d8d9e14cf5466deff74683c7b99162f54e492e98242a667","/static/media/profile.cfe9f79c746ba3002568.jpg":"b3d847feda16a0db7a35a5e6b329fbfd3435b6096098bfb58287e321426d3662","/static/media/contact.682c8fcae22323973cb3.jpg":"de7bbbb4a89d7fdac8cd85c571479c4f46ff770164702a63620c6b34e75330ea","/static/js/main.f439835b.js.map":"196b2c8851e57d3ff18a352ddfa7b93bfa3cd66854c792093fc157dd929eb648"}}
[debug] [2022-05-29T15:46:55.918Z] <<< [apiv2][status] POST https://firebasehosting.googleapis.com/v1beta1/projects/561255429983/sites/assignment-12-client-d5b00/versions/17e20378ed3e059a:populateFiles 200
[debug] [2022-05-29T15:46:55.918Z] <<< [apiv2][body] POST https://firebasehosting.googleapis.com/v1beta1/projects/561255429983/sites/assignment-12-client-d5b00/versions/17e20378ed3e059a:populateFiles {"uploadRequiredHashes":["c2a969a8b8db8a2d300e1fba6fd85880c255960fce9f3f873c2dae1f58863981","d527541d065366cd4de6e61eb30361addb390ca4d4c5f8993b1607d1e98ce9d0","9d5997a48a085ea6708b7a86ddf5d3c89da72a0672c36b6c7fef813bd3a36141","196b2c8851e57d3ff18a352ddfa7b93bfa3cd66854c792093fc157dd929eb648","41f94a17c202e8271cc686e0e7b15226bfd64282e4be77cb1d450b7ab278b360","cbf9805d764b12bd115d86aa0bad6fc37230753ca93cfc22b86eefc760114b21"],"uploadUrl":"https://upload-firebasehosting.googleapis.com/upload/sites/assignment-12-client-d5b00/versions/17e20378ed3e059a/files"}
[debug] [2022-05-29T15:46:55.921Z] >>> [apiv2][query] POST https://upload-firebasehosting.googleapis.com/upload/sites/assignment-12-client-d5b00/versions/17e20378ed3e059a/files/c2a969a8b8db8a2d300e1fba6fd85880c255960fce9f3f873c2dae1f58863981 [none]
[debug] [2022-05-29T15:46:55.921Z] >>> [apiv2][body] POST https://upload-firebasehosting.googleapis.com/upload/sites/assignment-12-client-d5b00/versions/17e20378ed3e059a/files/c2a969a8b8db8a2d300e1fba6fd85880c255960fce9f3f873c2dae1f58863981 [stream]
[debug] [2022-05-29T15:46:55.923Z] >>> [apiv2][query] POST https://upload-firebasehosting.googleapis.com/upload/sites/assignment-12-client-d5b00/versions/17e20378ed3e059a/files/d527541d065366cd4de6e61eb30361addb390ca4d4c5f8993b1607d1e98ce9d0 [none]
[debug] [2022-05-29T15:46:55.923Z] >>> [apiv2][body] POST https://upload-firebasehosting.googleapis.com/upload/sites/assignment-12-client-d5b00/versions/17e20378ed3e059a/files/d527541d065366cd4de6e61eb30361addb390ca4d4c5f8993b1607d1e98ce9d0 [stream]
[debug] [2022-05-29T15:46:55.924Z] >>> [apiv2][query] POST https://upload-firebasehosting.googleapis.com/upload/sites/assignment-12-client-d5b00/versions/17e20378ed3e059a/files/9d5997a48a085ea6708b7a86ddf5d3c89da72a0672c36b6c7fef813bd3a36141 [none]
[debug] [2022-05-29T15:46:55.924Z] >>> [apiv2][body] POST https://upload-firebasehosting.googleapis.com/upload/sites/assignment-12-client-d5b00/versions/17e20378ed3e059a/files/9d5997a48a085ea6708b7a86ddf5d3c89da72a0672c36b6c7fef813bd3a36141 [stream]
[debug] [2022-05-29T15:46:55.925Z] >>> [apiv2][query] POST https://upload-firebasehosting.googleapis.com/upload/sites/assignment-12-client-d5b00/versions/17e20378ed3e059a/files/196b2c8851e57d3ff18a352ddfa7b93bfa3cd66854c792093fc157dd929eb648 [none]
[debug] [2022-05-29T15:46:55.925Z] >>> [apiv2][body] POST https://upload-firebasehosting.googleapis.com/upload/sites/assignment-12-client-d5b00/versions/17e20378ed3e059a/files/196b2c8851e57d3ff18a352ddfa7b93bfa3cd66854c792093fc157dd929eb648 [stream]
[debug] [2022-05-29T15:46:55.926Z] >>> [apiv2][query] POST https://upload-firebasehosting.googleapis.com/upload/sites/assignment-12-client-d5b00/versions/17e20378ed3e059a/files/41f94a17c202e8271cc686e0e7b15226bfd64282e4be77cb1d450b7ab278b360 [none]
[debug] [2022-05-29T15:46:55.927Z] >>> [apiv2][body] POST https://upload-firebasehosting.googleapis.com/upload/sites/assignment-12-client-d5b00/versions/17e20378ed3e059a/files/41f94a17c202e8271cc686e0e7b15226bfd64282e4be77cb1d450b7ab278b360 [stream]
[debug] [2022-05-29T15:46:55.928Z] >>> [apiv2][query] POST https://upload-firebasehosting.googleapis.com/upload/sites/assignment-12-client-d5b00/versions/17e20378ed3e059a/files/cbf9805d764b12bd115d86aa0bad6fc37230753ca93cfc22b86eefc760114b21 [none]
[debug] [2022-05-29T15:46:55.928Z] >>> [apiv2][body] POST https://upload-firebasehosting.googleapis.com/upload/sites/assignment-12-client-d5b00/versions/17e20378ed3e059a/files/cbf9805d764b12bd115d86aa0bad6fc37230753ca93cfc22b86eefc760114b21 [stream]
[debug] [2022-05-29T15:46:55.929Z] [hosting][populate queue][FINAL] {"max":811,"min":811,"avg":811,"active":0,"complete":1,"success":1,"errored":0,"retried":0,"total":1,"elapsed":819}
[debug] [2022-05-29T15:46:55.930Z] [hosting] uploads queued: 6
[debug] [2022-05-29T15:46:57.844Z] <<< [apiv2][status] POST https://upload-firebasehosting.googleapis.com/upload/sites/assignment-12-client-d5b00/versions/17e20378ed3e059a/files/9d5997a48a085ea6708b7a86ddf5d3c89da72a0672c36b6c7fef813bd3a36141 200
[debug] [2022-05-29T15:46:57.844Z] <<< [apiv2][body] POST https://upload-firebasehosting.googleapis.com/upload/sites/assignment-12-client-d5b00/versions/17e20378ed3e059a/files/9d5997a48a085ea6708b7a86ddf5d3c89da72a0672c36b6c7fef813bd3a36141 [stream]
[debug] [2022-05-29T15:46:58.450Z] <<< [apiv2][status] POST https://upload-firebasehosting.googleapis.com/upload/sites/assignment-12-client-d5b00/versions/17e20378ed3e059a/files/41f94a17c202e8271cc686e0e7b15226bfd64282e4be77cb1d450b7ab278b360 200
[debug] [2022-05-29T15:46:58.450Z] <<< [apiv2][body] POST https://upload-firebasehosting.googleapis.com/upload/sites/assignment-12-client-d5b00/versions/17e20378ed3e059a/files/41f94a17c202e8271cc686e0e7b15226bfd64282e4be77cb1d450b7ab278b360 [stream]
[debug] [2022-05-29T15:46:59.322Z] <<< [apiv2][status] POST https://upload-firebasehosting.googleapis.com/upload/sites/assignment-12-client-d5b00/versions/17e20378ed3e059a/files/c2a969a8b8db8a2d300e1fba6fd85880c255960fce9f3f873c2dae1f58863981 200
[debug] [2022-05-29T15:46:59.322Z] <<< [apiv2][body] POST https://upload-firebasehosting.googleapis.com/upload/sites/assignment-12-client-d5b00/versions/17e20378ed3e059a/files/c2a969a8b8db8a2d300e1fba6fd85880c255960fce9f3f873c2dae1f58863981 [stream]
[debug] [2022-05-29T15:46:59.776Z] <<< [apiv2][status] POST https://upload-firebasehosting.googleapis.com/upload/sites/assignment-12-client-d5b00/versions/17e20378ed3e059a/files/cbf9805d764b12bd115d86aa0bad6fc37230753ca93cfc22b86eefc760114b21 200
[debug] [2022-05-29T15:46:59.776Z] <<< [apiv2][body] POST https://upload-firebasehosting.googleapis.com/upload/sites/assignment-12-client-d5b00/versions/17e20378ed3e059a/files/cbf9805d764b12bd115d86aa0bad6fc37230753ca93cfc22b86eefc760114b21 [stream]
[debug] [2022-05-29T15:47:10.149Z] <<< [apiv2][status] POST https://upload-firebasehosting.googleapis.com/upload/sites/assignment-12-client-d5b00/versions/17e20378ed3e059a/files/d527541d065366cd4de6e61eb30361addb390ca4d4c5f8993b1607d1e98ce9d0 200
[debug] [2022-05-29T15:47:10.149Z] <<< [apiv2][body] POST https://upload-firebasehosting.googleapis.com/upload/sites/assignment-12-client-d5b00/versions/17e20378ed3e059a/files/d527541d065366cd4de6e61eb30361addb390ca4d4c5f8993b1607d1e98ce9d0 [stream]
[debug] [2022-05-29T15:48:00.169Z] [uploadQueue] Retrying task 196b2c8851e57d3ff18a352ddfa7b93bfa3cd66854c792093fc157dd929eb648
[debug] [2022-05-29T15:48:00.171Z] >>> [apiv2][query] POST https://upload-firebasehosting.googleapis.com/upload/sites/assignment-12-client-d5b00/versions/17e20378ed3e059a/files/196b2c8851e57d3ff18a352ddfa7b93bfa3cd66854c792093fc157dd929eb648 [none]
[debug] [2022-05-29T15:48:00.171Z] >>> [apiv2][body] POST https://upload-firebasehosting.googleapis.com/upload/sites/assignment-12-client-d5b00/versions/17e20378ed3e059a/files/196b2c8851e57d3ff18a352ddfa7b93bfa3cd66854c792093fc157dd929eb648 [stream]
